[debug] [2021-06-26T13:30:26.187Z] ----------------------------------------------------------------------
[debug] [2021-06-26T13:30:26.190Z] Command:       /usr/bin/node /usr/local/bin/firebase login
[debug] [2021-06-26T13:30:26.190Z] CLI Version:   9.14.0
[debug] [2021-06-26T13:30:26.190Z] Platform:      linux
[debug] [2021-06-26T13:30:26.190Z] Node Version:  v10.19.0
[debug] [2021-06-26T13:30:26.193Z] Time:          Sat Jun 26 2021 19:00:26 GMT+0530 (India Standard Time)
[debug] [2021-06-26T13:30:26.193Z] ----------------------------------------------------------------------
[debug] 
[debug] [2021-06-26T13:30:26.197Z] >>> [apiv2][query] GET https://firebase-public.firebaseio.com/cli.json [none]
[info] i  Firebase optionally collects CLI usage and error reporting information to help improve our products. Data is collected in accordance with Google's privacy policy (https://policies.google.com/privacy) and is not used to identify you.
 
[debug] [2021-06-26T13:30:27.257Z] <<< [apiv2][status] GET https://firebase-public.firebaseio.com/cli.json 200
[debug] [2021-06-26T13:30:27.258Z] <<< [apiv2][body] GET https://firebase-public.firebaseio.com/cli.json {"cloudBuildErrorAfter":1594252800000,"cloudBuildWarnAfter":1590019200000,"defaultNode10After":1594252800000,"minVersion":"3.0.5","node8DeploysDisabledAfter":1613390400000,"node8RuntimeDisabledAfter":1615809600000,"node8WarnAfter":1600128000000}
[info] 
[info] Visit this URL on this device to log in:
[info] https://accounts.google.com/o/oauth2/auth?client_id=563584335869-fgrhgmd47bqnekij5i8b5pr03ho849e6.apps.googleusercontent.com&scope=email%20openid%20https%3A%2F%2Fwww.googleapis.com%2Fauth%2Fcloudplatformprojects.readonly%20https%3A%2F%2Fwww.googleapis.com%2Fauth%2Ffirebase%20https%3A%2F%2Fwww.googleapis.com%2Fauth%2Fcloud-platform&response_type=code&state=805889645&redirect_uri=http%3A%2F%2Flocalhost%3A9005
[info] 
[info] Waiting for authentication...
[debug] [2021-06-26T13:30:42.185Z] Error: spawn cmd.exe ENOENT
    at Process.ChildProcess._handle.onexit (internal/child_process.js:240:19)
    at onErrorNT (internal/child_process.js:415:16)
    at process._tickCallback (internal/process/next_tick.js:63:19)
[error] 
[error] Error: An unexpected error has occurred.
[debug] [2021-06-26T13:30:49.336Z] ----------------------------------------------------------------------
[debug] [2021-06-26T13:30:49.338Z] Command:       /usr/bin/node /usr/local/bin/firebase login
[debug] [2021-06-26T13:30:49.339Z] CLI Version:   9.14.0
[debug] [2021-06-26T13:30:49.339Z] Platform:      linux
[debug] [2021-06-26T13:30:49.339Z] Node Version:  v10.19.0
[debug] [2021-06-26T13:30:49.341Z] Time:          Sat Jun 26 2021 19:00:49 GMT+0530 (India Standard Time)
[debug] [2021-06-26T13:30:49.342Z] ----------------------------------------------------------------------
[debug] 
[info] i  Firebase optionally collects CLI usage and error reporting information to help improve our products. Data is collected in accordance with Google's privacy policy (https://policies.google.com/privacy) and is not used to identify you.
 
[info] i  To change your data collection preference at any time, run `firebase logout` and log in again. 
[info] 
[info] Visit this URL on this device to log in:
[info] https://accounts.google.com/o/oauth2/auth?client_id=563584335869-fgrhgmd47bqnekij5i8b5pr03ho849e6.apps.googleusercontent.com&scope=email%20openid%20https%3A%2F%2Fwww.googleapis.com%2Fauth%2Fcloudplatformprojects.readonly%20https%3A%2F%2Fwww.googleapis.com%2Fauth%2Ffirebase%20https%3A%2F%2Fwww.googleapis.com%2Fauth%2Fcloud-platform&response_type=code&state=555749460&redirect_uri=http%3A%2F%2Flocalhost%3A9005
[info] 
[info] Waiting for authentication...
[debug] [2021-06-26T13:30:50.344Z] Error: spawn cmd.exe ENOENT
    at Process.ChildProcess._handle.onexit (internal/child_process.js:240:19)
    at onErrorNT (internal/child_process.js:415:16)
    at process._tickCallback (internal/process/next_tick.js:63:19)
[error] 
[error] Error: An unexpected error has occurred.
